11:21:24.233 [main] INFO  tc_Tr.EditAddress_Tr - TC-11 --> Verify User is able to change first name
17:45:32.869 [main] INFO  org.testng.internal.Utils - [TestNG] Running:
  C:\Users\INX\OneDrive\Documents\My Automation Learning\TourWitDemo\testng.xml

17:45:33.212 [main] INFO  tc_Tr.EditAddress_Tr - >>> @BeforeClass executed, initializing driver with browser: chrome
17:45:38.124 [main] INFO  tc_Tr.EditAddress_Tr - Verify User is able to add email
17:45:41.517 [main] INFO  tc_Tr.EditAddress_Tr - Verify User is able to add password
17:45:44.777 [main] INFO  tc_Tr.EditAddress_Tr - Verify User is able to login by clicking on Login Button
17:45:51.002 [main] INFO  tc_Tr.EditAddress_Tr - TC-01 --> Verify options are dispalying by clicking on profile icon
17:45:55.071 [main] INFO  tc_Tr.EditAddress_Tr - TC-02 --> Verify profile screen is displaying by clicking edit profile
17:46:00.356 [main] INFO  tc_Tr.EditAddress_Tr - TC-04 --> Verify subscription popup if it appears
17:46:00.357 [main] INFO  tc_Tr.EditAddress_Tr - TC-07 --> Verify Address screen is displaying by clicking saved address
17:46:05.609 [main] INFO  tc_Tr.EditAddress_Tr - TC-08 --> Verify user is able to change country and select country from the list
17:46:13.743 [main] INFO  tc_Tr.EditAddress_Tr - Checking if subscription popup appears
17:46:21.143 [main] INFO  tc_Tr.EditAddress_Tr - Subscription popup appeared – closing it
17:46:24.300 [main] INFO  tc_Tr.EditAddress_Tr - TC-09 --> Verify User is able to change and select state from the list 
17:46:29.564 [main] INFO  tc_Tr.EditAddress_Tr - TC-10 --> Verify User is able to change city and select city from the list
17:46:34.759 [main] INFO  tc_Tr.EditAddress_Tr - TC-11 --> Verify User is able to change first name
17:46:38.155 [main] INFO  tc_Tr.EditAddress_Tr - TC-12 --> Verify User is able to change last name
17:46:41.567 [main] INFO  tc_Tr.EditAddress_Tr - TC-13 --> Verify User is able to change phone
17:46:44.949 [main] INFO  tc_Tr.EditAddress_Tr - TC-14 --> Verify User is able to change email address
17:46:48.461 [main] INFO  tc_Tr.EditAddress_Tr - TC-15 --> Verify User is able to change address
17:46:52.038 [main] INFO  tc_Tr.EditAddress_Tr - TC-16 --> Verify User is able to change zip code
17:46:55.371 [main] INFO  tc_Tr.EditAddress_Tr - TC-17 --> Verify change details are getting saved or not
17:47:01.336 [main] INFO  tc_Tr.EditAddress_Tr - TC-18 --> Verify user is able to set specific address as default
17:47:03.911 [main] INFO  tc_Tr.EditAddress_Tr - TC-19 --> Verify success message toast is displaying or not after set default address
